Using pre-set license
Built from '2020.3/staging' branch; Version is '2020.3.5f1 (8095aa901b9b) revision 8426922'; Using compiler version '192528614'; Build Type 'Release'
OS: 'Windows 10 Home; OS build 19041.928; Version 2004; 64bit' Language: 'ja' Physical Memory: 15789 MB
BatchMode: 1, IsHumanControllingUs: 0, StartBugReporterOnCrash: 0, Is64bit: 1, IsPro: 0

 COMMAND LINE ARGUMENTS:
C:\Program Files\Unity\Hub\Editor\2020.3.5f1\Editor\Unity.exe
-adb2
-batchMode
-noUpm
-name
AssetImportWorker0
-projectPath
C:/Users/mikik/mygames/3D Bigginer
-logFile
Logs/AssetImportWorker0.log
-srvPort
56355
Successfully changed project path to: C:/Users/mikik/mygames/3D Bigginer
C:/Users/mikik/mygames/3D Bigginer
Using Asset Import Pipeline V2.
Refreshing native plugins compatible for Editor in 52.99 ms, found 0 plugins.
Preloading 0 native plugins for Editor in 0.00 ms.
Initialize engine version: 2020.3.5f1 (8095aa901b9b)
[Subsystems] Discovering subsystems at path C:/Program Files/Unity/Hub/Editor/2020.3.5f1/Editor/Data/Resources/UnitySubsystems
[Subsystems] Discovering subsystems at path C:/Users/mikik/mygames/3D Bigginer/Assets
GfxDevice: creating device client; threaded=0
Direct3D:
    Version:  Direct3D 11.0 [level 11.1]
    Renderer: NVIDIA GeForce RTX 2060 (ID=0x1f15)
    Vendor:   
    VRAM:     5980 MB
    Driver:   27.21.14.6156
Initialize mono
Mono path[0] = 'C:/Program Files/Unity/Hub/Editor/2020.3.5f1/Editor/Data/Managed'
Mono path[1] = 'C:/Program Files/Unity/Hub/Editor/2020.3.5f1/Editor/Data/MonoBleedingEdge/lib/mono/unityjit'
Mono config path = 'C:/Program Files/Unity/Hub/Editor/2020.3.5f1/Editor/Data/MonoBleedingEdge/etc'
Using monoOptions --debugger-agent=transport=dt_socket,embedding=1,server=y,suspend=n,address=127.0.0.1:56908
Begin MonoManager ReloadAssembly
Registering precompiled unity dll's ...
Register platform support module: C:/Program Files/Unity/Hub/Editor/2020.3.5f1/Editor/Data/PlaybackEngines/WebGLSupport/UnityEditor.WebGL.Extensions.dll
Register platform support module: C:/Program Files/Unity/Hub/Editor/2020.3.5f1/Editor/Data/PlaybackEngines/WindowsStandaloneSupport/UnityEditor.WindowsStandalone.Extensions.dll
Registered in 0.003357 seconds.
Native extension for WindowsStandalone target not found
Native extension for WebGL target not found
Refreshing native plugins compatible for Editor in 39.33 ms, found 0 plugins.
Preloading 0 native plugins for Editor in 0.00 ms.
Mono: successfully reloaded assembly
- Completed reload, in  1.160 seconds
Platform modules already initialized, skipping
Registering precompiled user dll's ...
Registered in 0.005102 seconds.
Begin MonoManager ReloadAssembly
Native extension for WindowsStandalone target not found
Native extension for WebGL target not found
Refreshing native plugins compatible for Editor in 0.46 ms, found 0 plugins.
Preloading 0 native plugins for Editor in 0.00 ms.
Mono: successfully reloaded assembly
- Completed reload, in  0.805 seconds
Platform modules already initialized, skipping
========================================================================
Worker process is ready to serve import requests
Launched and connected shader compiler UnityShaderCompiler.exe after 0.05 seconds
Refreshing native plugins compatible for Editor in 0.44 ms, found 0 plugins.
Preloading 0 native plugins for Editor in 0.00 ms.
Unloading 1626 Unused Serialized files (Serialized files now loaded: 0)
System memory in use before: 154.2 MB.
System memory in use after: 154.3 MB.

Unloading 36 unused Assets to reduce memory usage. Loaded Objects now: 2062.
Total: 1.814000 ms (FindLiveObjects: 0.189700 ms CreateObjectMapping: 0.034200 ms MarkObjects: 1.483200 ms  DeleteObjects: 0.104500 ms)

========================================================================
Received Import Request.
  path: Assets/Prefabs/Ghost.prefab
  artifactKey: Guid(0c468272b1aa9c14bacd44efa6e4834a) Importer(815301076,1909f56bfc062723c751e8b465ee728b)
Start importing Assets/Prefabs/Ghost.prefab using Guid(0c468272b1aa9c14bacd44efa6e4834a) Importer(815301076,1909f56bfc062723c751e8b465ee728b)  -> (artifact id: '10cdd6fcdeb39ce4733b98be3d2f1b48') in 0.111018 seconds
  Import took 0.115371 seconds .

========================================================================
Received Import Request.
  Time since last request: 76.867016 seconds.
  path: Assets/Animation/Animators/Ghost.controller
  artifactKey: Guid(af295d7d90573f74a93dc6ce4e8c9b0c) Importer(815301076,1909f56bfc062723c751e8b465ee728b)
Start importing Assets/Animation/Animators/Ghost.controller using Guid(af295d7d90573f74a93dc6ce4e8c9b0c) Importer(815301076,1909f56bfc062723c751e8b465ee728b)  -> (artifact id: '2fe60ecbe5fefc9bec48fe226818f2f7') in 0.006075 seconds
  Import took 0.010380 seconds .

========================================================================
Received Import Request.
  Time since last request: 169.142812 seconds.
  path: Assets/Prefabs/Gargoyle.prefab
  artifactKey: Guid(4ac76a07cadc2f8418ed1e97570d9720) Importer(815301076,1909f56bfc062723c751e8b465ee728b)
Start importing Assets/Prefabs/Gargoyle.prefab using Guid(4ac76a07cadc2f8418ed1e97570d9720) Importer(815301076,1909f56bfc062723c751e8b465ee728b)  -> (artifact id: '7029a8d4f14effac1a49466985bb8669') in 0.058264 seconds
  Import took 0.061398 seconds .

========================================================================
Received Import Request.
  Time since last request: 54.246659 seconds.
  path: Assets/Prefabs/PointOfView.prefab
  artifactKey: Guid(f41b2879f73d80c4dae6092ef6a63e0f) Importer(815301076,1909f56bfc062723c751e8b465ee728b)
Start importing Assets/Prefabs/PointOfView.prefab using Guid(f41b2879f73d80c4dae6092ef6a63e0f) Importer(815301076,1909f56bfc062723c751e8b465ee728b)  -> (artifact id: 'f78cb26778c772def2dfbedbda447ec9') in 0.006131 seconds
  Import took 0.009776 seconds .

========================================================================
Received Import Request.
  Time since last request: 0.000991 seconds.
  path: Assets/Prefabs/PointOfView.prefab
  artifactKey: Guid(f41b2879f73d80c4dae6092ef6a63e0f) Importer(815301076,1909f56bfc062723c751e8b465ee728b)
Start importing Assets/Prefabs/PointOfView.prefab using Guid(f41b2879f73d80c4dae6092ef6a63e0f) Importer(815301076,1909f56bfc062723c751e8b465ee728b)  -> (artifact id: 'f78cb26778c772def2dfbedbda447ec9') in 0.005018 seconds
  Import took 0.007916 seconds .

========================================================================
Received Import Request.
  Time since last request: 12.589111 seconds.
  path: Assets/Prefabs/Ghost.prefab
  artifactKey: Guid(0c468272b1aa9c14bacd44efa6e4834a) Importer(815301076,1909f56bfc062723c751e8b465ee728b)
Start importing Assets/Prefabs/Ghost.prefab using Guid(0c468272b1aa9c14bacd44efa6e4834a) Importer(815301076,1909f56bfc062723c751e8b465ee728b)  -> (artifact id: 'dcf8212bb81d13ce53e77ea947a3247a') in 0.021999 seconds
  Import took 0.029006 seconds .

========================================================================
Received Import Request.
  Time since last request: 0.001419 seconds.
  path: Assets/Prefabs/Ghost.prefab
  artifactKey: Guid(0c468272b1aa9c14bacd44efa6e4834a) Importer(815301076,1909f56bfc062723c751e8b465ee728b)
Start importing Assets/Prefabs/Ghost.prefab using Guid(0c468272b1aa9c14bacd44efa6e4834a) Importer(815301076,1909f56bfc062723c751e8b465ee728b)  -> (artifact id: 'dcf8212bb81d13ce53e77ea947a3247a') in 0.022771 seconds
  Import took 0.025657 seconds .

========================================================================
Received Import Request.
  Time since last request: 1351.372105 seconds.
  path: Assets/Scripts/WaypointPatrol.cs
  artifactKey: Guid(ce1bfa2ee53ab6845a678bc1e6fe6780) Importer(815301076,1909f56bfc062723c751e8b465ee728b)
Start importing Assets/Scripts/WaypointPatrol.cs using Guid(ce1bfa2ee53ab6845a678bc1e6fe6780) Importer(815301076,1909f56bfc062723c751e8b465ee728b)  -> (artifact id: '2077b5fd5e65442c62efdfd06506fc26') in 0.009870 seconds
  Import took 0.012774 seconds .

========================================================================
Received Prepare
Registering precompiled user dll's ...
Registered in 0.004419 seconds.
Begin MonoManager ReloadAssembly
Native extension for WindowsStandalone target not found
Native extension for WebGL target not found
Refreshing native plugins compatible for Editor in 0.50 ms, found 0 plugins.
Preloading 0 native plugins for Editor in 0.00 ms.
Mono: successfully reloaded assembly
- Completed reload, in  0.740 seconds
Platform modules already initialized, skipping
Refreshing native plugins compatible for Editor in 0.45 ms, found 0 plugins.
Preloading 0 native plugins for Editor in 0.00 ms.
Unloading 1589 Unused Serialized files (Serialized files now loaded: 0)
System memory in use before: 154.3 MB.
System memory in use after: 154.4 MB.

Unloading 27 unused Assets to reduce memory usage. Loaded Objects now: 2073.
Total: 2.164900 ms (FindLiveObjects: 0.262600 ms CreateObjectMapping: 0.075700 ms MarkObjects: 1.750600 ms  DeleteObjects: 0.074400 ms)

========================================================================
Received Prepare
Registering precompiled user dll's ...
Registered in 0.004207 seconds.
Begin MonoManager ReloadAssembly
Native extension for WindowsStandalone target not found
Native extension for WebGL target not found
Refreshing native plugins compatible for Editor in 0.47 ms, found 0 plugins.
Preloading 0 native plugins for Editor in 0.00 ms.
Mono: successfully reloaded assembly
- Completed reload, in  0.841 seconds
Platform modules already initialized, skipping
Refreshing native plugins compatible for Editor in 0.46 ms, found 0 plugins.
Preloading 0 native plugins for Editor in 0.00 ms.
Unloading 1589 Unused Serialized files (Serialized files now loaded: 0)
System memory in use before: 154.3 MB.
System memory in use after: 154.4 MB.

Unloading 27 unused Assets to reduce memory usage. Loaded Objects now: 2076.
Total: 2.170600 ms (FindLiveObjects: 0.196000 ms CreateObjectMapping: 0.036100 ms MarkObjects: 1.861200 ms  DeleteObjects: 0.075600 ms)

========================================================================
Received Import Request.
  Time since last request: 4825.271038 seconds.
  path: Assets/Scripts/WaypointPatrol.cs
  artifactKey: Guid(ce1bfa2ee53ab6845a678bc1e6fe6780) Importer(815301076,1909f56bfc062723c751e8b465ee728b)
Start importing Assets/Scripts/WaypointPatrol.cs using Guid(ce1bfa2ee53ab6845a678bc1e6fe6780) Importer(815301076,1909f56bfc062723c751e8b465ee728b)  -> (artifact id: '9b32c0ba0b10cff385f13ba77a89bf7f') in 0.005666 seconds
  Import took 0.008743 seconds .

